0 info it worked if it ends with ok
1 verbose cli [ 'C:\\nodejs\\node.exe',
1 verbose cli   'C:\\nodejs\\node_modules\\npm\\bin\\npm-cli.js',
1 verbose cli   'install',
1 verbose cli   '--save',
1 verbose cli   'PACKAGE_NAME' ]
2 info using npm@2.14.4
3 info using node@v4.1.2
4 verbose install initial load of C:\Users\Lizandro Zerpa\Desktop\NODE.JS\firstWebNode\package.json
5 verbose installManyTop reading scoped package data from C:\Users\Lizandro Zerpa\Desktop\NODE.JS\firstWebNode\node_modules\body-parser\package.json
6 verbose installManyTop reading scoped package data from C:\Users\Lizandro Zerpa\Desktop\NODE.JS\firstWebNode\node_modules\cloudinary\package.json
7 verbose installManyTop reading scoped package data from C:\Users\Lizandro Zerpa\Desktop\NODE.JS\firstWebNode\node_modules\connect\package.json
8 verbose installManyTop reading scoped package data from C:\Users\Lizandro Zerpa\Desktop\NODE.JS\firstWebNode\node_modules\express\package.json
9 verbose installManyTop reading scoped package data from C:\Users\Lizandro Zerpa\Desktop\NODE.JS\firstWebNode\node_modules\http\package.json
10 verbose installManyTop reading scoped package data from C:\Users\Lizandro Zerpa\Desktop\NODE.JS\firstWebNode\node_modules\jade\package.json
11 verbose installManyTop reading scoped package data from C:\Users\Lizandro Zerpa\Desktop\NODE.JS\firstWebNode\node_modules\method-override\package.json
12 verbose installManyTop reading scoped package data from C:\Users\Lizandro Zerpa\Desktop\NODE.JS\firstWebNode\node_modules\mongoose\package.json
13 verbose installManyTop reading scoped package data from C:\Users\Lizandro Zerpa\Desktop\NODE.JS\firstWebNode\node_modules\multer\package.json
14 verbose installManyTop reading scoped package data from C:\Users\Lizandro Zerpa\Desktop\NODE.JS\firstWebNode\node_modules\rhc\package.json
15 info package.json http@0.0.0 http is also the name of a node core module.
16 info package.json http@0.0.0 No description
17 info package.json http@0.0.0 No repository field.
18 info package.json http@0.0.0 No README data
19 info package.json rhc@0.0.1 No license field.
20 info package.json cloudinary@1.2.4 No license field.
21 verbose readDependencies loading dependencies from C:\Users\Lizandro Zerpa\Desktop\NODE.JS\firstWebNode\package.json
22 silly cache add args [ 'PACKAGE_NAME', null ]
23 verbose cache add spec PACKAGE_NAME
24 silly cache add parsed spec Result {
24 silly cache add   raw: 'PACKAGE_NAME',
24 silly cache add   scope: null,
24 silly cache add   name: 'PACKAGE_NAME',
24 silly cache add   rawSpec: '',
24 silly cache add   spec: '*',
24 silly cache add   type: 'range' }
25 silly addNamed PACKAGE_NAME@*
26 verbose addNamed "*" is a valid semver range for PACKAGE_NAME
27 silly addNameRange { name: 'PACKAGE_NAME', range: '*', hasData: false }
28 silly mapToRegistry name PACKAGE_NAME
29 silly mapToRegistry using default registry
30 silly mapToRegistry registry https://registry.npmjs.org/
31 silly mapToRegistry uri https://registry.npmjs.org/PACKAGE_NAME
32 verbose addNameRange registry:https://registry.npmjs.org/PACKAGE_NAME not in flight; fetching
33 verbose request uri https://registry.npmjs.org/PACKAGE_NAME
34 verbose request no auth needed
35 info attempt registry request try #1 at 21:04:46
36 verbose request id 9a14c6af1c471c92
37 http request GET https://registry.npmjs.org/PACKAGE_NAME
38 http 404 https://registry.npmjs.org/PACKAGE_NAME
39 verbose headers { 'content-type': 'application/json',
39 verbose headers   'cache-control': 'max-age=0',
39 verbose headers   'content-length': '2',
39 verbose headers   'accept-ranges': 'bytes',
39 verbose headers   date: 'Sat, 17 Oct 2015 01:35:24 GMT',
39 verbose headers   via: '1.1 varnish',
39 verbose headers   age: '0',
39 verbose headers   connection: 'keep-alive',
39 verbose headers   'x-served-by': 'cache-iad2120-IAD',
39 verbose headers   'x-cache': 'MISS',
39 verbose headers   'x-cache-hits': '0',
39 verbose headers   'x-timer': 'S1445045724.212253,VS0,VE91' }
40 silly get cb [ 404,
40 silly get   { 'content-type': 'application/json',
40 silly get     'cache-control': 'max-age=0',
40 silly get     'content-length': '2',
40 silly get     'accept-ranges': 'bytes',
40 silly get     date: 'Sat, 17 Oct 2015 01:35:24 GMT',
40 silly get     via: '1.1 varnish',
40 silly get     age: '0',
40 silly get     connection: 'keep-alive',
40 silly get     'x-served-by': 'cache-iad2120-IAD',
40 silly get     'x-cache': 'MISS',
40 silly get     'x-cache-hits': '0',
40 silly get     'x-timer': 'S1445045724.212253,VS0,VE91' } ]
41 verbose stack Error: Registry returned 404 for GET on https://registry.npmjs.org/PACKAGE_NAME
41 verbose stack     at makeError (C:\nodejs\node_modules\npm\node_modules\npm-registry-client\lib\request.js:263:12)
41 verbose stack     at CachingRegistryClient.<anonymous> (C:\nodejs\node_modules\npm\node_modules\npm-registry-client\lib\request.js:241:14)
41 verbose stack     at Request._callback (C:\nodejs\node_modules\npm\node_modules\npm-registry-client\lib\request.js:171:14)
41 verbose stack     at Request.self.callback (C:\nodejs\node_modules\npm\node_modules\request\request.js:198:22)
41 verbose stack     at emitTwo (events.js:87:13)
41 verbose stack     at Request.emit (events.js:172:7)
41 verbose stack     at Request.<anonymous> (C:\nodejs\node_modules\npm\node_modules\request\request.js:1073:14)
41 verbose stack     at emitOne (events.js:82:20)
41 verbose stack     at Request.emit (events.js:169:7)
41 verbose stack     at IncomingMessage.<anonymous> (C:\nodejs\node_modules\npm\node_modules\request\request.js:1019:12)
42 verbose statusCode 404
43 verbose pkgid PACKAGE_NAME
44 verbose cwd C:\Users\Lizandro Zerpa\Desktop\NODE.JS\firstWebNode
45 error Windows_NT 6.3.9600
46 error argv "C:\\nodejs\\node.exe" "C:\\nodejs\\node_modules\\npm\\bin\\npm-cli.js" "install" "--save" "PACKAGE_NAME"
47 error node v4.1.2
48 error npm  v2.14.4
49 error code E404
50 error 404 Registry returned 404 for GET on https://registry.npmjs.org/PACKAGE_NAME
50 error 404
50 error 404 'PACKAGE_NAME' is not in the npm registry.
50 error 404 Your package name is not valid, because
50 error 404
50 error 404  1. name can no longer contain capital letters
50 error 404 It was specified as a dependency of 'OpenShift-Sample-App'
50 error 404
50 error 404 Note that you can also install from a
50 error 404 tarball, folder, http url, or git url.
51 verbose exit [ 1, true ]
